[INFO][2025-07-04 14:53:40,164] [BOT] Start listening...
[INFO][2025-07-04 14:53:42,565] [DEBUG] Received: ChatID=6709995631, Text='/start'
[INFO][2025-07-04 14:53:43,724] [SEND_MESSAGE] 
🤖 *Selamat datang di GENTRADE AI BOT* [PREMIUM] 🤖

Fitur Premium:
/sinyal   ➜ Sinyal trading otomatis (semua market)
/rekap    ➜ Rekap mingguan hasil sinyal
/spot     ➜ Sinyal khusus Spot Market
/futures  ➜ Sinyal khusus Futures Market
/history [pair] - Riwayat sinyal per pair
/detail [id] - Detail satu sinyal
/markwin [id] - Tandai sinyal jadi WIN
/markloss [id] - Tandai sinyal jadi LOSS
/setmodal [jumlah] - Atur modal untuk rekomendasi size
/help - Daftar perintah

[INFO][2025-07-04 14:53:59,567] [DEBUG] Received: ChatID=6709995631, Text='/sinyal'
[INFO][2025-07-04 14:54:00,830] [SEND_MESSAGE] 🔎 Mencari sinyal untuk semua market (Spot & Futures)...
[INFO][2025-07-04 14:54:00,860] [DATA] Mengambil BTC/USDT (mixed)
[INFO][2025-07-04 14:54:05,539] [SKIP] Tidak ada sinyal untuk BTC/USDT
[INFO][2025-07-04 14:54:05,539] [DATA] Mengambil ETH/USDT (mixed)
[INFO][2025-07-04 14:54:05,735] [LOG_SIGNAL] ETH/USDT @ 2025-07-04 07:50:00 → BULL
[INFO][2025-07-04 14:54:09,482] [SEND_CHART] D:\Codingan\bot-cuan\chart_ETHUSDT_bull.png
[INFO][2025-07-04 14:54:09,887] [AUTO-LOG] ETH/USDT @ 2025-07-04 07:50:00 → WIN
[INFO][2025-07-04 14:54:10,971] [DATA] Mengambil SOL/USDT (mixed)
[INFO][2025-07-04 14:54:11,317] [LOG_SIGNAL] SOL/USDT @ 2025-07-04 07:50:00 → BULL
[INFO][2025-07-04 14:54:14,862] [SEND_CHART] D:\Codingan\bot-cuan\chart_SOLUSDT_bull.png
[INFO][2025-07-04 14:54:15,090] [AUTO-LOG] SOL/USDT @ 2025-07-04 07:50:00 → LOSS
[INFO][2025-07-04 14:54:16,145] [DATA] Mengambil FET/USDT (mixed)
[INFO][2025-07-04 14:54:20,711] [LOG_SIGNAL] FET/USDT @ 2025-07-04 07:50:00 → BULL
[INFO][2025-07-04 14:54:24,100] [SEND_CHART] D:\Codingan\bot-cuan\chart_FETUSDT_bull.png
[INFO][2025-07-04 14:54:24,283] [AUTO-LOG] FET/USDT @ 2025-07-04 07:50:00 → LOSS
[INFO][2025-07-04 14:54:25,287] [DATA] Mengambil OP/USDT (mixed)
[INFO][2025-07-04 14:54:25,501] [LOG_SIGNAL] OP/USDT @ 2025-07-04 07:50:00 → BULL
[INFO][2025-07-04 14:54:30,303] [SEND_CHART] D:\Codingan\bot-cuan\chart_OPUSDT_bull.png
[INFO][2025-07-04 14:54:30,720] [AUTO-LOG] OP/USDT @ 2025-07-04 07:50:00 → WIN
[INFO][2025-07-04 14:54:31,727] [DATA] Mengambil ARB/USDT (mixed)
[INFO][2025-07-04 14:54:31,928] [LOG_SIGNAL] ARB/USDT @ 2025-07-04 07:50:00 → BULL
[INFO][2025-07-04 14:54:35,094] [SEND_CHART] D:\Codingan\bot-cuan\chart_ARBUSDT_bull.png
[INFO][2025-07-04 14:54:35,372] [AUTO-LOG] ARB/USDT @ 2025-07-04 07:50:00 → LOSS
[INFO][2025-07-04 14:55:24,696] [DEBUG] Received: ChatID=6709995631, Text='/futures'
[INFO][2025-07-04 14:55:26,147] [SEND_MESSAGE] 🔎 Mencari sinyal Futures Market...
[INFO][2025-07-04 14:55:26,171] [DATA] Mengambil FET/USDT (futures)
[INFO][2025-07-04 14:55:26,552] [LOG_SIGNAL] FET/USDT @ 2025-07-04 07:55:00 → BULL
[INFO][2025-07-04 14:55:30,899] [SEND_CHART] D:\Codingan\bot-cuan\chart_FETUSDT_bull.png
[INFO][2025-07-04 14:55:31,065] [AUTO-LOG] FET/USDT @ 2025-07-04 07:55:00 → LOSS
[INFO][2025-07-04 14:55:32,076] [DATA] Mengambil OP/USDT (futures)
[INFO][2025-07-04 14:55:32,285] [LOG_SIGNAL] OP/USDT @ 2025-07-04 07:55:00 → BULL
[INFO][2025-07-04 14:55:36,945] [SEND_CHART] D:\Codingan\bot-cuan\chart_OPUSDT_bull.png
[INFO][2025-07-04 14:55:37,207] [AUTO-LOG] OP/USDT @ 2025-07-04 07:55:00 → LOSS
[INFO][2025-07-04 14:55:38,217] [DATA] Mengambil ARB/USDT (futures)
[INFO][2025-07-04 14:55:38,519] [LOG_SIGNAL] ARB/USDT @ 2025-07-04 07:55:00 → BULL
[INFO][2025-07-04 14:55:41,791] [SEND_CHART] D:\Codingan\bot-cuan\chart_ARBUSDT_bull.png
[INFO][2025-07-04 14:55:42,156] [AUTO-LOG] ARB/USDT @ 2025-07-04 07:55:00 → LOSS
[ERROR][2025-07-04 14:55:48,811] [GET_UPDATES ERROR] ('Connection aborted.', ConnectionResetError(10054, 'An existing connection was forcibly closed by the remote host', None, 10054, None))
[ERROR][2025-07-04 14:55:54,681] [GET_UPDATES ERROR] HTTPSConnectionPool(host='api.telegram.org', port=443): Max retries exceeded with url: /bot7613368831:AAEDKVY9bJimfFgjehAXYXXUB0z6riXtGbw/getUpdates?timeout=30&offset=981859385 (Caused by NameResolutionError("<urllib3.connection.HTTPSConnection object at 0x0000016CD183D810>: Failed to resolve 'api.telegram.org' ([Errno 11001] getaddrinfo failed)"))
[ERROR][2025-07-04 14:56:00,138] [GET_UPDATES ERROR] HTTPSConnectionPool(host='api.telegram.org', port=443): Max retries exceeded with url: /bot7613368831:AAEDKVY9bJimfFgjehAXYXXUB0z6riXtGbw/getUpdates?timeout=30&offset=981859385 (Caused by NameResolutionError("<urllib3.connection.HTTPSConnection object at 0x0000016CD183DBD0>: Failed to resolve 'api.telegram.org' ([Errno 11001] getaddrinfo failed)"))
[ERROR][2025-07-04 14:56:05,363] [GET_UPDATES ERROR] HTTPSConnectionPool(host='api.telegram.org', port=443): Max retries exceeded with url: /bot7613368831:AAEDKVY9bJimfFgjehAXYXXUB0z6riXtGbw/getUpdates?timeout=30&offset=981859385 (Caused by NameResolutionError("<urllib3.connection.HTTPSConnection object at 0x0000016CD183DF90>: Failed to resolve 'api.telegram.org' ([Errno 11001] getaddrinfo failed)"))
[ERROR][2025-07-04 14:56:10,495] [GET_UPDATES ERROR] HTTPSConnectionPool(host='api.telegram.org', port=443): Max retries exceeded with url: /bot7613368831:AAEDKVY9bJimfFgjehAXYXXUB0z6riXtGbw/getUpdates?timeout=30&offset=981859385 (Caused by NameResolutionError("<urllib3.connection.HTTPSConnection object at 0x0000016CD183E350>: Failed to resolve 'api.telegram.org' ([Errno 11001] getaddrinfo failed)"))
[ERROR][2025-07-04 14:56:15,613] [GET_UPDATES ERROR] HTTPSConnectionPool(host='api.telegram.org', port=443): Max retries exceeded with url: /bot7613368831:AAEDKVY9bJimfFgjehAXYXXUB0z6riXtGbw/getUpdates?timeout=30&offset=981859385 (Caused by NameResolutionError("<urllib3.connection.HTTPSConnection object at 0x0000016CD183E710>: Failed to resolve 'api.telegram.org' ([Errno 11001] getaddrinfo failed)"))
[ERROR][2025-07-04 14:56:20,704] [GET_UPDATES ERROR] HTTPSConnectionPool(host='api.telegram.org', port=443): Max retries exceeded with url: /bot7613368831:AAEDKVY9bJimfFgjehAXYXXUB0z6riXtGbw/getUpdates?timeout=30&offset=981859385 (Caused by NameResolutionError("<urllib3.connection.HTTPSConnection object at 0x0000016CD183EAD0>: Failed to resolve 'api.telegram.org' ([Errno 11001] getaddrinfo failed)"))
[ERROR][2025-07-04 14:56:37,726] [GET_UPDATES ERROR] HTTPSConnectionPool(host='api.telegram.org', port=443): Max retries exceeded with url: /bot7613368831:AAEDKVY9bJimfFgjehAXYXXUB0z6riXtGbw/getUpdates?timeout=30&offset=981859385 (Caused by NameResolutionError("<urllib3.connection.HTTPSConnection object at 0x0000016CD183EE90>: Failed to resolve 'api.telegram.org' ([Errno 11001] getaddrinfo failed)"))
[ERROR][2025-07-04 14:56:42,730] [GET_UPDATES ERROR] HTTPSConnectionPool(host='api.telegram.org', port=443): Max retries exceeded with url: /bot7613368831:AAEDKVY9bJimfFgjehAXYXXUB0z6riXtGbw/getUpdates?timeout=30&offset=981859385 (Caused by NameResolutionError("<urllib3.connection.HTTPSConnection object at 0x0000016CD183F250>: Failed to resolve 'api.telegram.org' ([Errno 11001] getaddrinfo failed)"))
[ERROR][2025-07-04 14:56:47,736] [GET_UPDATES ERROR] HTTPSConnectionPool(host='api.telegram.org', port=443): Max retries exceeded with url: /bot7613368831:AAEDKVY9bJimfFgjehAXYXXUB0z6riXtGbw/getUpdates?timeout=30&offset=981859385 (Caused by NameResolutionError("<urllib3.connection.HTTPSConnection object at 0x0000016CD183F610>: Failed to resolve 'api.telegram.org' ([Errno 11001] getaddrinfo failed)"))
[ERROR][2025-07-04 14:57:04,792] [GET_UPDATES ERROR] HTTPSConnectionPool(host='api.telegram.org', port=443): Max retries exceeded with url: /bot7613368831:AAEDKVY9bJimfFgjehAXYXXUB0z6riXtGbw/getUpdates?timeout=30&offset=981859385 (Caused by NameResolutionError("<urllib3.connection.HTTPSConnection object at 0x0000016CD183F9D0>: Failed to resolve 'api.telegram.org' ([Errno 11001] getaddrinfo failed)"))
[ERROR][2025-07-04 14:57:21,858] [GET_UPDATES ERROR] HTTPSConnectionPool(host='api.telegram.org', port=443): Max retries exceeded with url: /bot7613368831:AAEDKVY9bJimfFgjehAXYXXUB0z6riXtGbw/getUpdates?timeout=30&offset=981859385 (Caused by NameResolutionError("<urllib3.connection.HTTPSConnection object at 0x0000016CD183FD90>: Failed to resolve 'api.telegram.org' ([Errno 11001] getaddrinfo failed)"))
[ERROR][2025-07-04 14:57:26,863] [GET_UPDATES ERROR] HTTPSConnectionPool(host='api.telegram.org', port=443): Max retries exceeded with url: /bot7613368831:AAEDKVY9bJimfFgjehAXYXXUB0z6riXtGbw/getUpdates?timeout=30&offset=981859385 (Caused by NameResolutionError("<urllib3.connection.HTTPSConnection object at 0x0000016CD18B0190>: Failed to resolve 'api.telegram.org' ([Errno 11001] getaddrinfo failed)"))
[ERROR][2025-07-04 14:57:33,113] [GET_UPDATES ERROR] ('Connection aborted.', ConnectionResetError(10054, 'An existing connection was forcibly closed by the remote host', None, 10054, None))
[ERROR][2025-07-04 14:57:49,282] [GET_UPDATES ERROR] ('Connection aborted.', ConnectionResetError(10054, 'An existing connection was forcibly closed by the remote host', None, 10054, None))
[ERROR][2025-07-04 14:58:00,224] [GET_UPDATES ERROR] ('Connection aborted.', ConnectionResetError(10054, 'An existing connection was forcibly closed by the remote host', None, 10054, None))
[ERROR][2025-07-04 14:58:29,153] [GET_UPDATES ERROR] HTTPSConnectionPool(host='api.telegram.org', port=443): Max retries exceeded with url: /bot7613368831:AAEDKVY9bJimfFgjehAXYXXUB0z6riXtGbw/getUpdates?timeout=30&offset=981859385 (Caused by ConnectTimeoutError(<urllib3.connection.HTTPSConnection object at 0x0000016CD183FED0>, 'Connection to api.telegram.org timed out. (connect timeout=35)'))
[ERROR][2025-07-04 14:58:41,921] [GET_UPDATES ERROR] HTTPSConnectionPool(host='api.telegram.org', port=443): Max retries exceeded with url: /bot7613368831:AAEDKVY9bJimfFgjehAXYXXUB0z6riXtGbw/getUpdates?timeout=30&offset=981859385 (Caused by NewConnectionError('<urllib3.connection.HTTPSConnection object at 0x0000016CD183F9D0>: Failed to establish a new connection: [WinError 10053] An established connection was aborted by the software in your host machine'))
[ERROR][2025-07-04 14:58:47,309] [GET_UPDATES ERROR] HTTPSConnectionPool(host='api.telegram.org', port=443): Max retries exceeded with url: /bot7613368831:AAEDKVY9bJimfFgjehAXYXXUB0z6riXtGbw/getUpdates?timeout=30&offset=981859385 (Caused by NewConnectionError('<urllib3.connection.HTTPSConnection object at 0x0000016CD183F890>: Failed to establish a new connection: [WinError 10013] An attempt was made to access a socket in a way forbidden by its access permissions'))
[ERROR][2025-07-04 14:58:54,456] [GET_UPDATES ERROR] HTTPSConnectionPool(host='api.telegram.org', port=443): Max retries exceeded with url: /bot7613368831:AAEDKVY9bJimfFgjehAXYXXUB0z6riXtGbw/getUpdates?timeout=30&offset=981859385 (Caused by NewConnectionError('<urllib3.connection.HTTPSConnection object at 0x0000016CD183F750>: Failed to establish a new connection: [WinError 10053] An established connection was aborted by the software in your host machine'))
[ERROR][2025-07-04 14:58:59,613] [GET_UPDATES ERROR] HTTPSConnectionPool(host='api.telegram.org', port=443): Max retries exceeded with url: /bot7613368831:AAEDKVY9bJimfFgjehAXYXXUB0z6riXtGbw/getUpdates?timeout=30&offset=981859385 (Caused by NewConnectionError('<urllib3.connection.HTTPSConnection object at 0x0000016CD183F250>: Failed to establish a new connection: [WinError 10013] An attempt was made to access a socket in a way forbidden by its access permissions'))
[ERROR][2025-07-04 14:59:04,790] [GET_UPDATES ERROR] HTTPSConnectionPool(host='api.telegram.org', port=443): Max retries exceeded with url: /bot7613368831:AAEDKVY9bJimfFgjehAXYXXUB0z6riXtGbw/getUpdates?timeout=30&offset=981859385 (Caused by NameResolutionError("<urllib3.connection.HTTPSConnection object at 0x0000016CD183F110>: Failed to resolve 'api.telegram.org' ([Errno 11001] getaddrinfo failed)"))
[ERROR][2025-07-04 14:59:10,840] [GET_UPDATES ERROR] HTTPSConnectionPool(host='api.telegram.org', port=443): Max retries exceeded with url: /bot7613368831:AAEDKVY9bJimfFgjehAXYXXUB0z6riXtGbw/getUpdates?timeout=30&offset=981859385 (Caused by NameResolutionError("<urllib3.connection.HTTPSConnection object at 0x0000016CD183ED50>: Failed to resolve 'api.telegram.org' ([Errno 11001] getaddrinfo failed)"))
[ERROR][2025-07-04 14:59:23,915] [GET_UPDATES ERROR] ('Connection aborted.', ConnectionResetError(10054, 'An existing connection was forcibly closed by the remote host', None, 10054, None))
[INFO][2025-07-04 15:00:19,642] [BOT] Start listening...
[INFO][2025-07-04 15:00:23,823] [SEND_MESSAGE] *Riwayat Sinyal:*
ID:FET_USDT_1751615700 FET/USDT 2025-07-04 07:55:00 bull loss
ID:FET_USDT_1751615400 FET/USDT 2025-07-04 07:50:00 bull loss
[INFO][2025-07-04 15:00:25,348] [SEND_MESSAGE] *Detail Sinyal:*
*pair*: FET/USDT
*timeframe*: 5m
*time*: 2025-07-04 07:55:00
*signal*: bull
*result*: loss
*id*: FET_USDT_1751615700
[INFO][2025-07-04 15:00:26,663] [SEND_MESSAGE] *Detail Sinyal:*
*pair*: FET/USDT
*timeframe*: 5m
*time*: 2025-07-04 07:55:00
*signal*: bull
*result*: loss
*id*: FET_USDT_1751615700
[INFO][2025-07-04 15:00:28,155] [SEND_MESSAGE] *Riwayat Sinyal:*
ID:FET_USDT_1751615700 FET/USDT 2025-07-04 07:55:00 bull loss
ID:FET_USDT_1751615400 FET/USDT 2025-07-04 07:50:00 bull loss
[INFO][2025-07-04 15:00:29,536] [SEND_MESSAGE] *Riwayat Sinyal:*
ID:ARB_USDT_1751615700 ARB/USDT 2025-07-04 07:55:00 bull loss
ID:ARB_USDT_1751615400 ARB/USDT 2025-07-04 07:50:00 bull loss
[INFO][2025-07-04 15:00:30,985] [SEND_MESSAGE] *Detail Sinyal:*
*pair*: ARB/USDT
*timeframe*: 5m
*time*: 2025-07-04 07:55:00
*signal*: bull
*result*: loss
*id*: ARB_USDT_1751615700
[INFO][2025-07-04 15:00:32,567] [SEND_MESSAGE] *Riwayat Sinyal:*
ID:FET_USDT_1751615700 FET/USDT 2025-07-04 07:55:00 bull loss
ID:FET_USDT_1751615400 FET/USDT 2025-07-04 07:50:00 bull loss
[INFO][2025-07-04 15:00:33,792] [SEND_MESSAGE] *Detail Sinyal:*
*pair*: ARB/USDT
*timeframe*: 5m
*time*: 2025-07-04 07:55:00
*signal*: bull
*result*: loss
*id*: ARB_USDT_1751615700
[INFO][2025-07-04 15:00:35,215] [SEND_MESSAGE] *Riwayat Sinyal:*
ID:ARB_USDT_1751615700 ARB/USDT 2025-07-04 07:55:00 bull loss
ID:ARB_USDT_1751615400 ARB/USDT 2025-07-04 07:50:00 bull loss
[INFO][2025-07-04 15:00:36,737] [SEND_MESSAGE] *Riwayat Sinyal:*
ID:ARB_USDT_1751615700 ARB/USDT 2025-07-04 07:55:00 bull loss
ID:ARB_USDT_1751615400 ARB/USDT 2025-07-04 07:50:00 bull loss
[INFO][2025-07-04 15:00:37,950] [SEND_MESSAGE] *Riwayat Sinyal:*
ID:ARB_USDT_1751615700 ARB/USDT 2025-07-04 07:55:00 bull loss
ID:ARB_USDT_1751615400 ARB/USDT 2025-07-04 07:50:00 bull loss
[INFO][2025-07-04 15:00:39,205] [SEND_MESSAGE] *Riwayat Sinyal:*
ID:FET_USDT_1751615700 FET/USDT 2025-07-04 07:55:00 bull loss
ID:FET_USDT_1751615400 FET/USDT 2025-07-04 07:50:00 bull loss
[INFO][2025-07-04 15:00:40,847] [SEND_MESSAGE] *Riwayat Sinyal:*
ID:ARB_USDT_1751615700 ARB/USDT 2025-07-04 07:55:00 bull loss
ID:ARB_USDT_1751615400 ARB/USDT 2025-07-04 07:50:00 bull loss
[INFO][2025-07-04 15:00:42,201] [SEND_MESSAGE] *Riwayat Sinyal:*
ID:FET_USDT_1751615700 FET/USDT 2025-07-04 07:55:00 bull loss
ID:FET_USDT_1751615400 FET/USDT 2025-07-04 07:50:00 bull loss
[INFO][2025-07-04 15:00:43,736] [SEND_MESSAGE] *Detail Sinyal:*
*pair*: FET/USDT
*timeframe*: 5m
*time*: 2025-07-04 07:55:00
*signal*: bull
*result*: loss
*id*: FET_USDT_1751615700
[INFO][2025-07-04 15:01:39,131] [BOT] Start listening...
[INFO][2025-07-04 15:01:41,683] [DEBUG] Received: ChatID=6709995631, Text='/start'
[INFO][2025-07-04 15:01:43,098] [SEND_MESSAGE] 
🤖 *Selamat datang di GENTRADE AI BOT* [PREMIUM] 🤖

Fitur Premium:
/sinyal   ➜ Sinyal trading otomatis (semua market)
/rekap    ➜ Rekap mingguan hasil sinyal
/spot     ➜ Sinyal khusus Spot Market
/futures  ➜ Sinyal khusus Futures Market
/history [pair] - Riwayat sinyal per pair
/detail [id] - Detail satu sinyal
/markwin [id] - Tandai sinyal jadi WIN
/markloss [id] - Tandai sinyal jadi LOSS
/setmodal [jumlah] - Atur modal untuk rekomendasi size
/help - Daftar perintah

[INFO][2025-07-04 15:03:24,953] [DEBUG] Received: ChatID=6709995631, Text='/futures'
[INFO][2025-07-04 15:03:26,480] [SEND_MESSAGE] 🔎 Mencari sinyal Futures Market...
[INFO][2025-07-04 15:03:26,607] [DATA] Mengambil FET/USDT (futures)
[INFO][2025-07-04 15:03:33,849] [LOG_SIGNAL] FET/USDT @ 2025-07-04 08:00:00 → BULL
[INFO][2025-07-04 15:03:39,568] [SEND_CHART] D:\Codingan\bot-cuan\chart_FETUSDT_bull.png
[INFO][2025-07-04 15:03:39,907] [AUTO-LOG] FET/USDT @ 2025-07-04 08:00:00 → WIN
[INFO][2025-07-04 15:03:41,112] [DATA] Mengambil OP/USDT (futures)
[INFO][2025-07-04 15:03:41,764] [LOG_SIGNAL] OP/USDT @ 2025-07-04 08:00:00 → BULL
[INFO][2025-07-04 15:03:46,014] [SEND_CHART] D:\Codingan\bot-cuan\chart_OPUSDT_bull.png
[INFO][2025-07-04 15:03:46,212] [AUTO-LOG] OP/USDT @ 2025-07-04 08:00:00 → LOSS
[INFO][2025-07-04 15:03:47,252] [DATA] Mengambil ARB/USDT (futures)
[INFO][2025-07-04 15:03:47,752] [SKIP] Tidak ada sinyal untuk ARB/USDT
[INFO][2025-07-04 15:05:39,642] [DEBUG] Received: ChatID=6709995631, Text='/markwin'
[INFO][2025-07-04 15:05:41,313] [SEND_MESSAGE] Format: `/markwin [id]`
[INFO][2025-07-04 15:06:22,090] [DEBUG] Received: ChatID=6709995631, Text='/markwin [6709995631]'
[INFO][2025-07-04 15:06:23,531] [SEND_MESSAGE] ❌ Gagal update status sinyal.
[INFO][2025-07-04 15:07:11,976] [DEBUG] Received: ChatID=6709995631, Text='/help'
[INFO][2025-07-04 15:07:13,429] [SEND_MESSAGE] 
*Daftar Command GENTRADE BOT:*

/start - Mulai bot
/help - Lihat semua command
/sinyal - Generate sinyal trading
/rekap - Rekap mingguan
/spot - Sinyal Spot market
/futures - Sinyal Futures market
/history [pair] - Riwayat sinyal per pair
/detail [id] - Detail satu sinyal
/markwin [id] - Tandai sinyal jadi WIN
/markloss [id] - Tandai sinyal jadi LOSS
/setmodal [jumlah] - Atur modal (USDT)

[INFO][2025-07-04 15:07:18,111] [DEBUG] Received: ChatID=6709995631, Text='/setmodal'
[INFO][2025-07-04 15:07:19,591] [SEND_MESSAGE] Format: `/setmodal 1000` (tanpa tanda kutip)
[INFO][2025-07-04 15:07:38,418] [DEBUG] Received: ChatID=6709995631, Text='/setmodal 1'
[INFO][2025-07-04 15:07:40,073] [SEND_MESSAGE] ✅ Modal kamu di-set ke: *1.00 USDT*
[INFO][2025-07-04 15:07:57,099] [DEBUG] Received: ChatID=6709995631, Text='/futures'
[INFO][2025-07-04 15:07:58,639] [SEND_MESSAGE] 🔎 Mencari sinyal Futures Market...
[INFO][2025-07-04 15:07:58,683] [DATA] Mengambil FET/USDT (futures)
[INFO][2025-07-04 15:07:59,368] [LOG_SIGNAL] FET/USDT @ 2025-07-04 08:05:00 → BULL
[INFO][2025-07-04 15:08:03,797] [SEND_CHART] D:\Codingan\bot-cuan\chart_FETUSDT_bull.png
[INFO][2025-07-04 15:08:04,261] [AUTO-LOG] FET/USDT @ 2025-07-04 08:05:00 → WIN
[INFO][2025-07-04 15:08:05,301] [DATA] Mengambil OP/USDT (futures)
[INFO][2025-07-04 15:08:06,052] [LOG_SIGNAL] OP/USDT @ 2025-07-04 08:05:00 → BEAR
[INFO][2025-07-04 15:08:10,757] [SEND_CHART] D:\Codingan\bot-cuan\chart_OPUSDT_bear.png
[INFO][2025-07-04 15:08:10,976] [AUTO-LOG] OP/USDT @ 2025-07-04 08:05:00 → LOSS
[INFO][2025-07-04 15:08:12,134] [DATA] Mengambil ARB/USDT (futures)
[INFO][2025-07-04 15:08:12,373] [LOG_SIGNAL] ARB/USDT @ 2025-07-04 08:05:00 → BULL
[INFO][2025-07-04 15:08:17,085] [SEND_CHART] D:\Codingan\bot-cuan\chart_ARBUSDT_bull.png
[INFO][2025-07-04 15:08:17,329] [AUTO-LOG] ARB/USDT @ 2025-07-04 08:05:00 → LOSS
[INFO][2025-07-05 00:59:13,253] [BOT] Start listening...
[INFO][2025-07-05 00:59:15,859] [DEBUG] Received: ChatID=6709995631, Text='/futures'
[INFO][2025-07-05 00:59:17,263] [SEND_MESSAGE] 🔎 Mencari sinyal Futures Market...
[INFO][2025-07-05 00:59:17,265] [DATA] Mengambil FET/USDT (futures)
[INFO][2025-07-05 00:59:17,266] [DEBUG] Received: ChatID=6709995631, Text='/start'
[INFO][2025-07-05 00:59:18,985] [SEND_MESSAGE] 
🤖 *Selamat datang di GENTRADE AI BOT* [PREMIUM] 🤖

Fitur Premium:
/sinyal   ➜ Sinyal trading otomatis (semua market)
/rekap    ➜ Rekap mingguan hasil sinyal
/spot     ➜ Sinyal khusus Spot Market
/futures  ➜ Sinyal khusus Futures Market
/history [pair] - Riwayat sinyal per pair
/detail [id] - Detail satu sinyal
/markwin [id] - Tandai sinyal jadi WIN
/markloss [id] - Tandai sinyal jadi LOSS
/setmodal [jumlah] - Atur modal untuk rekomendasi size
/help - Daftar perintah

[INFO][2025-07-05 00:59:19,009] [DEBUG] Received: ChatID=6709995631, Text='/start'
[INFO][2025-07-05 00:59:20,452] [SEND_MESSAGE] 
🤖 *Selamat datang di GENTRADE AI BOT* [PREMIUM] 🤖

Fitur Premium:
/sinyal   ➜ Sinyal trading otomatis (semua market)
/rekap    ➜ Rekap mingguan hasil sinyal
/spot     ➜ Sinyal khusus Spot Market
/futures  ➜ Sinyal khusus Futures Market
/history [pair] - Riwayat sinyal per pair
/detail [id] - Detail satu sinyal
/markwin [id] - Tandai sinyal jadi WIN
/markloss [id] - Tandai sinyal jadi LOSS
/setmodal [jumlah] - Atur modal untuk rekomendasi size
/help - Daftar perintah

[INFO][2025-07-05 00:59:20,508] [DEBUG] Received: ChatID=6709995631, Text='/start'
[INFO][2025-07-05 00:59:22,117] [SEND_MESSAGE] 
🤖 *Selamat datang di GENTRADE AI BOT* [PREMIUM] 🤖

Fitur Premium:
/sinyal   ➜ Sinyal trading otomatis (semua market)
/rekap    ➜ Rekap mingguan hasil sinyal
/spot     ➜ Sinyal khusus Spot Market
/futures  ➜ Sinyal khusus Futures Market
/history [pair] - Riwayat sinyal per pair
/detail [id] - Detail satu sinyal
/markwin [id] - Tandai sinyal jadi WIN
/markloss [id] - Tandai sinyal jadi LOSS
/setmodal [jumlah] - Atur modal untuk rekomendasi size
/help - Daftar perintah

[INFO][2025-07-05 00:59:23,125] [LOG_SIGNAL] FET/USDT @ 2025-07-04 17:55:00 → BEAR
[INFO][2025-07-05 00:59:28,168] [SEND_CHART] D:\Codingan\bot-cuan\chart_FETUSDT_bear.png
[INFO][2025-07-05 00:59:28,358] [AUTO-LOG] FET/USDT @ 2025-07-04 17:55:00 → LOSS
[INFO][2025-07-05 00:59:29,367] [DATA] Mengambil OP/USDT (futures)
[INFO][2025-07-05 00:59:29,619] [SKIP] Tidak ada sinyal untuk OP/USDT
[INFO][2025-07-05 00:59:29,620] [DATA] Mengambil ARB/USDT (futures)
[INFO][2025-07-05 00:59:29,914] [SKIP] Tidak ada sinyal untuk ARB/USDT
[INFO][2025-07-05 00:59:29,915] [DATA] Mengambil VIRTUAL/USDT (futures)
[INFO][2025-07-05 00:59:30,216] [SKIP] Tidak ada sinyal untuk VIRTUAL/USDT
[INFO][2025-07-05 00:59:46,406] [DEBUG] Received: ChatID=6709995631, Text='/sinyal'
[INFO][2025-07-05 00:59:47,917] [SEND_MESSAGE] 🔎 Mencari sinyal untuk semua market (Spot & Futures)...
[INFO][2025-07-05 00:59:47,923] [DATA] Mengambil BTC/USDT (mixed)
[INFO][2025-07-05 00:59:56,199] [SKIP] Tidak ada sinyal untuk BTC/USDT
[INFO][2025-07-05 00:59:56,201] [DATA] Mengambil ETH/USDT (mixed)
[INFO][2025-07-05 00:59:56,416] [SKIP] Tidak ada sinyal untuk ETH/USDT
[INFO][2025-07-05 00:59:56,465] [DATA] Mengambil SOL/USDT (mixed)
[INFO][2025-07-05 00:59:56,799] [SKIP] Tidak ada sinyal untuk SOL/USDT
[INFO][2025-07-05 00:59:56,905] [DATA] Mengambil FET/USDT (mixed)
[INFO][2025-07-05 01:00:03,035] [SEND_CHART] D:\Codingan\bot-cuan\chart_FETUSDT_bear.png
[INFO][2025-07-05 01:00:03,605] [AUTO-LOG] FET/USDT @ 2025-07-04 17:55:00 → LOSS
[INFO][2025-07-05 01:00:04,623] [DATA] Mengambil OP/USDT (mixed)
[INFO][2025-07-05 01:00:05,065] [SKIP] Tidak ada sinyal untuk OP/USDT
[INFO][2025-07-05 01:00:05,088] [DATA] Mengambil ARB/USDT (mixed)
[INFO][2025-07-05 01:00:05,456] [SKIP] Tidak ada sinyal untuk ARB/USDT
[INFO][2025-07-05 01:00:05,688] [DATA] Mengambil VIRTUAL/USDT (mixed)
[INFO][2025-07-05 01:00:06,140] [SKIP] Tidak ada sinyal untuk VIRTUAL/USDT
[INFO][2025-07-05 01:01:32,416] [DEBUG] Received: ChatID=6709995631, Text='/futures'
[INFO][2025-07-05 01:01:35,593] [SEND_MESSAGE] 🔎 Mencari sinyal Futures Market...
[INFO][2025-07-05 01:01:36,782] [DATA] Mengambil FET/USDT (futures)
[INFO][2025-07-05 01:01:40,982] [SKIP] Tidak ada sinyal untuk FET/USDT
[INFO][2025-07-05 01:01:41,660] [DATA] Mengambil OP/USDT (futures)
[INFO][2025-07-05 01:01:42,342] [SKIP] Tidak ada sinyal untuk OP/USDT
[INFO][2025-07-05 01:01:42,652] [DATA] Mengambil ARB/USDT (futures)
[INFO][2025-07-05 01:01:43,630] [SKIP] Tidak ada sinyal untuk ARB/USDT
[INFO][2025-07-05 01:01:44,034] [DATA] Mengambil VIRTUAL/USDT (futures)
[INFO][2025-07-05 01:01:44,796] [LOG_SIGNAL] VIRTUAL/USDT @ 2025-07-04 18:00:00 → BEAR
[INFO][2025-07-05 01:01:50,624] [SEND_CHART] D:\Codingan\bot-cuan\chart_VIRTUALUSDT_bear.png
[INFO][2025-07-05 01:01:50,841] [AUTO-LOG] VIRTUAL/USDT @ 2025-07-04 18:00:00 → LOSS
[INFO][2025-07-05 12:53:15,903] [BOT] Start listening...
[INFO][2025-07-05 12:53:18,351] [DEBUG] Received: ChatID=6709995631, Text='/sinyal'
[INFO][2025-07-05 12:53:19,546] [SEND_MESSAGE] 🔎 Mencari sinyal untuk semua market (Spot & Futures)...
[INFO][2025-07-05 12:53:19,551] [DATA] Mengambil BTC/USDT (mixed)
[INFO][2025-07-05 12:53:23,434] [SKIP] Tidak ada sinyal untuk BTC/USDT
[INFO][2025-07-05 12:53:23,435] [DATA] Mengambil ETH/USDT (mixed)
[INFO][2025-07-05 12:53:23,603] [SKIP] Tidak ada sinyal untuk ETH/USDT
[INFO][2025-07-05 12:53:23,604] [DATA] Mengambil SOL/USDT (mixed)
[INFO][2025-07-05 12:53:23,804] [LOG_SIGNAL] SOL/USDT @ 2025-07-05 05:50:00 → BULL
[INFO][2025-07-05 12:53:27,517] [SEND_CHART] D:\Codingan\bot-cuan\chart_SOLUSDT_bull.png
[INFO][2025-07-05 12:53:27,674] [AUTO-LOG] SOL/USDT @ 2025-07-05 05:50:00 → LOSS
[INFO][2025-07-05 12:53:28,677] [DATA] Mengambil FET/USDT (mixed)
[INFO][2025-07-05 12:53:32,735] [SKIP] Tidak ada sinyal untuk FET/USDT
[INFO][2025-07-05 12:53:32,737] [DATA] Mengambil OP/USDT (mixed)
[INFO][2025-07-05 12:53:32,901] [SKIP] Tidak ada sinyal untuk OP/USDT
[INFO][2025-07-05 12:53:32,902] [DATA] Mengambil ARB/USDT (mixed)
[INFO][2025-07-05 12:53:33,082] [LOG_SIGNAL] ARB/USDT @ 2025-07-05 05:50:00 → BULL
[INFO][2025-07-05 12:53:36,369] [SEND_CHART] D:\Codingan\bot-cuan\chart_ARBUSDT_bull.png
[INFO][2025-07-05 12:53:36,543] [AUTO-LOG] ARB/USDT @ 2025-07-05 05:50:00 → LOSS
[INFO][2025-07-05 12:53:37,549] [DATA] Mengambil VIRTUAL/USDT (mixed)
[INFO][2025-07-05 12:53:37,783] [LOG_SIGNAL] VIRTUAL/USDT @ 2025-07-05 05:50:00 → BEAR
[INFO][2025-07-05 12:53:41,238] [SEND_CHART] D:\Codingan\bot-cuan\chart_VIRTUALUSDT_bear.png
[INFO][2025-07-05 12:53:41,471] [AUTO-LOG] VIRTUAL/USDT @ 2025-07-05 05:50:00 → WIN
[INFO][2025-07-05 12:53:58,493] [DEBUG] Received: ChatID=6709995631, Text='/futures'
[INFO][2025-07-05 12:53:59,801] [SEND_MESSAGE] 🔎 Mencari sinyal Futures Market...
[INFO][2025-07-05 12:53:59,804] [DATA] Mengambil FET/USDT (futures)
[INFO][2025-07-05 12:53:59,973] [SKIP] Tidak ada sinyal untuk FET/USDT
[INFO][2025-07-05 12:53:59,973] [DATA] Mengambil OP/USDT (futures)
[INFO][2025-07-05 12:54:00,133] [SKIP] Tidak ada sinyal untuk OP/USDT
[INFO][2025-07-05 12:54:00,134] [DATA] Mengambil ARB/USDT (futures)
[INFO][2025-07-05 12:54:02,586] [SEND_CHART] D:\Codingan\bot-cuan\chart_ARBUSDT_bull.png
[INFO][2025-07-05 12:54:02,760] [AUTO-LOG] ARB/USDT @ 2025-07-05 05:50:00 → LOSS
[INFO][2025-07-05 12:54:03,764] [DATA] Mengambil VIRTUAL/USDT (futures)
[INFO][2025-07-05 12:54:07,365] [SEND_CHART] D:\Codingan\bot-cuan\chart_VIRTUALUSDT_bear.png
[INFO][2025-07-05 12:54:07,516] [AUTO-LOG] VIRTUAL/USDT @ 2025-07-05 05:50:00 → WIN
[ERROR][2025-07-05 13:21:37,436] [GET_UPDATES ERROR] ('Connection aborted.', ConnectionResetError(10054, 'An existing connection was forcibly closed by the remote host', None, 10054, None))
[INFO][2025-07-05 13:24:13,769] [DEBUG] Received: ChatID=6709995631, Text='/futures'
[INFO][2025-07-05 13:24:15,442] [SEND_MESSAGE] 🔎 Mencari sinyal Futures Market...
[INFO][2025-07-05 13:24:17,477] [DATA] Mengambil FET/USDT (futures)
[INFO][2025-07-05 13:24:18,197] [LOG_SIGNAL] FET/USDT @ 2025-07-05 06:20:00 → BULL
[INFO][2025-07-05 13:24:22,449] [SEND_CHART] D:\Codingan\bot-cuan\chart_FETUSDT_bull.png
[INFO][2025-07-05 13:24:22,630] [AUTO-LOG] FET/USDT @ 2025-07-05 06:20:00 → LOSS
[INFO][2025-07-05 13:24:23,658] [DATA] Mengambil OP/USDT (futures)
[INFO][2025-07-05 13:24:23,869] [LOG_SIGNAL] OP/USDT @ 2025-07-05 06:20:00 → BULL
[INFO][2025-07-05 13:24:26,904] [SEND_CHART] D:\Codingan\bot-cuan\chart_OPUSDT_bull.png
[INFO][2025-07-05 13:24:27,129] [AUTO-LOG] OP/USDT @ 2025-07-05 06:20:00 → LOSS
[INFO][2025-07-05 13:24:28,136] [DATA] Mengambil ARB/USDT (futures)
[INFO][2025-07-05 13:24:28,342] [LOG_SIGNAL] ARB/USDT @ 2025-07-05 06:20:00 → BULL
[INFO][2025-07-05 13:24:31,316] [SEND_CHART] D:\Codingan\bot-cuan\chart_ARBUSDT_bull.png
[INFO][2025-07-05 13:24:31,486] [AUTO-LOG] ARB/USDT @ 2025-07-05 06:20:00 → LOSS
[INFO][2025-07-05 13:24:32,494] [DATA] Mengambil VIRTUAL/USDT (futures)
[INFO][2025-07-05 13:24:32,719] [LOG_SIGNAL] VIRTUAL/USDT @ 2025-07-05 06:20:00 → BEAR
[INFO][2025-07-05 13:24:35,662] [SEND_CHART] D:\Codingan\bot-cuan\chart_VIRTUALUSDT_bear.png
[INFO][2025-07-05 13:24:35,840] [AUTO-LOG] VIRTUAL/USDT @ 2025-07-05 06:20:00 → WIN
[INFO][2025-07-05 13:24:54,460] [DEBUG] Received: ChatID=6709995631, Text='/start'
[INFO][2025-07-05 13:24:55,671] [SEND_MESSAGE] 
🤖 *Selamat datang di GENTRADE AI BOT* [PREMIUM] 🤖

Fitur Premium:
/sinyal   ➜ Sinyal trading otomatis (semua market)
/rekap    ➜ Rekap mingguan hasil sinyal
/spot     ➜ Sinyal khusus Spot Market
/futures  ➜ Sinyal khusus Futures Market
/history [pair] - Riwayat sinyal per pair
/detail [id] - Detail satu sinyal
/markwin [id] - Tandai sinyal jadi WIN
/markloss [id] - Tandai sinyal jadi LOSS
/setmodal [jumlah] - Atur modal untuk rekomendasi size
/help - Daftar perintah

[INFO][2025-07-05 13:25:11,246] [DEBUG] Received: ChatID=6709995631, Text='/setmodal'
[INFO][2025-07-05 13:25:12,510] [SEND_MESSAGE] Format: `/setmodal 1000` (tanpa tanda kutip)
[INFO][2025-07-05 13:25:28,244] [DEBUG] Received: ChatID=6709995631, Text='/setmodal 1.08'
[INFO][2025-07-05 13:25:29,642] [SEND_MESSAGE] ✅ Modal kamu di-set ke: *1.08 USDT*
[INFO][2025-07-05 13:26:22,483] [DEBUG] Received: ChatID=6709995631, Text='/detail'
[INFO][2025-07-05 13:26:23,716] [SEND_MESSAGE] Format: `/detail [id]`
[INFO][2025-07-05 13:27:36,261] [DEBUG] Received: ChatID=6709995631, Text='/markwin'
[INFO][2025-07-05 13:27:37,727] [SEND_MESSAGE] Format: `/markwin [id]`
[INFO][2025-07-05 13:27:57,694] [DEBUG] Received: ChatID=6709995631, Text='/markwin VIRTUAL_USDT_1751696400'
[INFO][2025-07-05 13:27:58,910] [SEND_MESSAGE] ❌ Gagal update status sinyal.
[INFO][2025-07-05 13:28:09,327] [DEBUG] Received: ChatID=6709995631, Text='/markwin 1751696400'
[INFO][2025-07-05 13:28:10,708] [SEND_MESSAGE] ❌ Gagal update status sinyal.
[INFO][2025-07-05 13:28:49,470] [DEBUG] Received: ChatID=6709995631, Text='/futures'
[INFO][2025-07-05 13:28:50,916] [SEND_MESSAGE] 🔎 Mencari sinyal Futures Market...
[INFO][2025-07-05 13:28:52,988] [DATA] Mengambil FET/USDT (futures)
[INFO][2025-07-05 13:28:53,690] [LOG_SIGNAL] FET/USDT @ 2025-07-05 06:25:00 → BEAR
[INFO][2025-07-05 13:28:56,620] [SEND_CHART] D:\Codingan\bot-cuan\chart_FETUSDT_bear.png
[INFO][2025-07-05 13:28:56,794] [AUTO-LOG] FET/USDT @ 2025-07-05 06:25:00 → WIN
[INFO][2025-07-05 13:28:57,808] [DATA] Mengambil OP/USDT (futures)
[INFO][2025-07-05 13:28:58,027] [LOG_SIGNAL] OP/USDT @ 2025-07-05 06:25:00 → BEAR
[INFO][2025-07-05 13:29:01,596] [SEND_CHART] D:\Codingan\bot-cuan\chart_OPUSDT_bear.png
[INFO][2025-07-05 13:29:01,760] [AUTO-LOG] OP/USDT @ 2025-07-05 06:25:00 → WIN
[INFO][2025-07-05 13:29:02,767] [DATA] Mengambil ARB/USDT (futures)
[INFO][2025-07-05 13:29:02,986] [LOG_SIGNAL] ARB/USDT @ 2025-07-05 06:25:00 → BEAR
[INFO][2025-07-05 13:29:05,737] [SEND_CHART] D:\Codingan\bot-cuan\chart_ARBUSDT_bear.png
[INFO][2025-07-05 13:29:05,906] [AUTO-LOG] ARB/USDT @ 2025-07-05 06:25:00 → WIN
[INFO][2025-07-05 13:29:06,914] [DATA] Mengambil VIRTUAL/USDT (futures)
[INFO][2025-07-05 13:29:07,101] [LOG_SIGNAL] VIRTUAL/USDT @ 2025-07-05 06:25:00 → BEAR
[INFO][2025-07-05 13:29:10,288] [SEND_CHART] D:\Codingan\bot-cuan\chart_VIRTUALUSDT_bear.png
[INFO][2025-07-05 13:29:10,443] [AUTO-LOG] VIRTUAL/USDT @ 2025-07-05 06:25:00 → WIN
